#
# There is insufficient memory for the Java Runtime Environment to continue.
# Native memory allocation (malloc) failed to allocate 1048576 bytes for AllocateHeap
# Possible reasons:
#   The system is out of physical RAM or swap space
#   In 32 bit mode, the process size limit was hit
# Possible solutions:
#   Reduce memory load on the system
#   Increase physical memory or swap space
#   Check if swap backing store is full
#   Use 64 bit Java on a 64 bit OS
#   Decrease Java heap size (-Xmx/-Xms)
#   Decrease number of Java threads
#   Decrease Java thread stack sizes (-Xss)
#   Set larger code cache with -XX:ReservedCodeCacheSize=
# This output file may be truncated or incomplete.
#
#  Out of Memory Error (memory/allocation.inline.hpp:61), pid=13316, tid=0x0000000000002c80
#
# JRE version:  (8.0_112-b15) (build )
# Java VM: Java HotSpot(TM) 64-Bit Server VM (25.112-b15 mixed mode windows-amd64 compressed oops)
# Failed to write core dump. Minidumps are not enabled by default on client versions of Windows
#

---------------  T H R E A D  ---------------

Current thread (0x0000000002e92800):  JavaThread "Unknown thread" [_thread_in_vm, id=11392, stack(0x0000000002cf0000,0x0000000002df0000)]

Stack: [0x0000000002cf0000,0x0000000002df0000]
[error occurred during error reporting (printing stack bounds), id 0xc0000005]

Native frames: (J=compiled Java code, j=interpreted, Vv=VM code, C=native code)


---------------  P R O C E S S  ---------------

Java Threads: ( => current thread )

Other Threads:

=>0x0000000002e92800 (exited) JavaThread "Unknown thread" [_thread_in_vm, id=11392, stack(0x0000000002cf0000,0x0000000002df0000)]

VM state:not at safepoint (normal execution)

VM Mutex/Monitor currently owned by a thread: None

Heap:
 PSYoungGen      total 76288K, used 1310K [0x000000076af80000, 0x0000000770480000, 0x00000007c0000000)
  eden space 65536K, 2% used [0x000000076af80000,0x000000076b0c7af0,0x000000076ef80000)
  from space 10752K, 0% used [0x000000076fa00000,0x000000076fa00000,0x0000000770480000)
  to   space 10752K, 0% used [0x000000076ef80000,0x000000076ef80000,0x000000076fa00000)
 ParOldGen       total 175104K, used 0K [0x00000006c0e00000, 0x00000006cb900000, 0x000000076af80000)
  object space 175104K, 0% used [0x00000006c0e00000,0x00000006c0e00000,0x00000006cb900000)
 Metaspace       used 770K, capacity 4480K, committed 4480K, reserved 1056768K
  class space    used 75K, capacity 384K, committed 384K, reserved 1048576K

Card table byte_map: [0x0000000012440000,0x0000000012c40000] byte_map_base: 0x000000000ee39000

Marking Bits: (ParMarkBitMap*) 0x00000000565aa6d0
 Begin Bits: [0x00000000135a0000, 0x0000000017568000)
 End Bits:   [0x0000000017568000, 0x000000001b530000)

Polling page: 0x0000000001720000

CodeCache: size=245760Kb used=328Kb max_used=328Kb free=245431Kb
 bounds [0x0000000003080000, 0x00000000032f0000, 0x0000000012080000]
 total_blobs=58 nmethods=0 adapters=38
 compilation: enabled

Compilation events (0 events):
No events

GC Heap History (0 events):
No events

Deoptimization events (0 events):
No events

Internal exceptions (0 events):
No events

Events (10 events):
Event: 0.024 loading class java/lang/Short
Event: 0.024 loading class java/lang/Short done
Event: 0.024 loading class java/lang/Integer
Event: 0.024 loading class java/lang/Integer done
Event: 0.024 loading class java/lang/Long
Event: 0.024 loading class java/lang/Long done
Event: 0.025 loading class java/lang/NullPointerException
Event: 0.025 loading class java/lang/NullPointerException done
Event: 0.025 loading class java/lang/ArithmeticException
Event: 0.025 loading class java/lang/ArithmeticException done


Dynamic libraries:
0x00007ff785ae0000 - 0x00007ff785b17000 	C:\Program Files\Java\jdk1.8.0_112\bin\java.exe
0x00007ff88abd0000 - 0x00007ff88ad91000 	C:\WINDOWS\SYSTEM32\ntdll.dll
0x00007ff889290000 - 0x00007ff88933d000 	C:\WINDOWS\system32\KERNEL32.DLL
0x00007ff887d30000 - 0x00007ff887f18000 	C:\WINDOWS\system32\KERNELBASE.dll
0x00007ff888350000 - 0x00007ff8883f7000 	C:\WINDOWS\system32\ADVAPI32.dll
0x00007ff888d20000 - 0x00007ff888dbd000 	C:\WINDOWS\system32\msvcrt.dll
0x00007ff888cc0000 - 0x00007ff888d1b000 	C:\WINDOWS\system32\sechost.dll
0x00007ff8894d0000 - 0x00007ff8895ed000 	C:\WINDOWS\system32\RPCRT4.dll
0x00007ff8885f0000 - 0x00007ff888746000 	C:\WINDOWS\system32\USER32.dll
0x00007ff8888b0000 - 0x00007ff888a37000 	C:\WINDOWS\system32\GDI32.dll
0x00007ff87e810000 - 0x00007ff87ea84000 	C:\WINDOWS\WinSxS\amd64_microsoft.windows.common-controls_6595b64144ccf1df_6.0.10586.839_none_a2ddba30a539a2ae\COMCTL32.dll
0x00007ff888a40000 - 0x00007ff888cbe000 	C:\WINDOWS\system32\combase.dll
0x00007ff887b90000 - 0x00007ff887bfa000 	C:\WINDOWS\system32\bcryptPrimitives.dll
0x00007ff889250000 - 0x00007ff88928b000 	C:\WINDOWS\system32\IMM32.DLL
0x00000000570d0000 - 0x00000000571a2000 	C:\Program Files\Java\jdk1.8.0_112\jre\bin\msvcr100.dll
0x0000000055d90000 - 0x000000005662a000 	C:\Program Files\Java\jdk1.8.0_112\jre\bin\server\jvm.dll
0x00007ff888340000 - 0x00007ff888348000 	C:\WINDOWS\system32\PSAPI.DLL
0x00007ff87a250000 - 0x00007ff87a259000 	C:\WINDOWS\SYSTEM32\WSOCK32.dll
0x00007ff889460000 - 0x00007ff8894cb000 	C:\WINDOWS\system32\WS2_32.dll
0x00007ff885a30000 - 0x00007ff885a53000 	C:\WINDOWS\SYSTEM32\WINMM.dll
0x00007ff882fd0000 - 0x00007ff882fda000 	C:\WINDOWS\SYSTEM32\VERSION.dll
0x00007ff8859d0000 - 0x00007ff8859fc000 	C:\WINDOWS\SYSTEM32\WINMMBASE.dll
0x00007ff887260000 - 0x00007ff8872a3000 	C:\WINDOWS\system32\cfgmgr32.dll
0x00000000570c0000 - 0x00000000570cf000 	C:\Program Files\Java\jdk1.8.0_112\jre\bin\verify.dll
0x0000000057090000 - 0x00000000570b9000 	C:\Program Files\Java\jdk1.8.0_112\jre\bin\java.dll
0x0000000057070000 - 0x0000000057086000 	C:\Program Files\Java\jdk1.8.0_112\jre\bin\zip.dll

VM Arguments:
jvm_args: -Didea.launcher.port=7535 -Didea.launcher.bin.path=C:\Program Files (x86)\JetBrains\IntelliJ IDEA Community Edition 2016.3.2\bin -Dfile.encoding=UTF-8 
java_command: com.intellij.rt.execution.application.AppMain MainApp
java_class_path (initial): C:\Program Files\Java\jdk1.8.0_112\jre\lib\charsets.jar;C:\Program Files\Java\jdk1.8.0_112\jre\lib\deploy.jar;C:\Program Files\Java\jdk1.8.0_112\jre\lib\ext\access-bridge-64.jar;C:\Program Files\Java\jdk1.8.0_112\jre\lib\ext\cldrdata.jar;C:\Program Files\Java\jdk1.8.0_112\jre\lib\ext\dnsns.jar;C:\Program Files\Java\jdk1.8.0_112\jre\lib\ext\jaccess.jar;C:\Program Files\Java\jdk1.8.0_112\jre\lib\ext\jfxrt.jar;C:\Program Files\Java\jdk1.8.0_112\jre\lib\ext\localedata.jar;C:\Program Files\Java\jdk1.8.0_112\jre\lib\ext\nashorn.jar;C:\Program Files\Java\jdk1.8.0_112\jre\lib\ext\sunec.jar;C:\Program Files\Java\jdk1.8.0_112\jre\lib\ext\sunjce_provider.jar;C:\Program Files\Java\jdk1.8.0_112\jre\lib\ext\sunmscapi.jar;C:\Program Files\Java\jdk1.8.0_112\jre\lib\ext\sunpkcs11.jar;C:\Program Files\Java\jdk1.8.0_112\jre\lib\ext\zipfs.jar;C:\Program Files\Java\jdk1.8.0_112\jre\lib\javaws.jar;C:\Program Files\Java\jdk1.8.0_112\jre\lib\jce.jar;C:\Program Files\Java\jdk1.8.0_112\jre\lib\jfr.jar;C:\Program Files\Java\jdk1.8.0_112\jre\lib\jfxswt.jar;C:\Program Files\Java\jdk1.8.0_112\jre\lib\jsse.jar;C:\Program Files\Java\jdk1.8.0_112\jre\lib\management-agent.jar;C:\Program Files\Java\jdk1.8.0_112\jre\lib\plugin.jar;C:\Program Files\Java\jdk1.8.0_112\jre\lib\resources.jar;C:\Program Files\Java\jdk1.8.0_112\jre\lib\rt.jar;D:\Bilguun\dl4j-examples\hi\target\classes;C:\Users\beku\.m2\repository\org\springframework\spring-core\5.1.3.RELEASE\spring-core-5.1.3.RELEASE.jar;C:\Users\beku\.m2\repository\org\springframework\spring-jcl\5.1.3.RELEASE\spring-jcl-5.1.3.RELEASE.jar;C:\Users\beku\.m2\repository\org\springframework\spring-context\5.1.3.RELEASE\spring-context-5.1.3.RELEASE.jar;C:\Users\beku\.m2\repository\org\springframework\spring-aop\5.1.3.RELEASE\spring-aop-5.1.3.RELEASE.jar;C:\Users\beku\.m2\repository\org\springframework\spring-beans\5.1.3.RELEASE\spring-beans-5.1.3.RELEASE.jar;C:\Users\beku\.m2\repository\org\springframework\spring-expression\5.1.3.RELE
Launcher Type: SUN_STANDARD

Environment Variables:
PATH=C:\Program Files\NVIDIA GPU Computing Toolkit\CUDA\v9.0\bin;C:\Program Files\NVIDIA GPU Computing Toolkit\CUDA\v9.0\libnvvp;C:\Program Files\NVIDIA GPU Computing Toolkit\CUDA\v9.1\libnvvp;C:\ProgramData\Oracle\Java\javapath;C:\Windows\system32;C:\Windows;C:\Windows\System32\Wbem;C:\Windows\System32\WindowsPowerShell\v1.0\;C:\Program Files\R\R-3.2.2\include;C:\Program Files (x86)\Microsoft SQL Server\90\Tools\binn\;C:\WINDOWS\system32;C:\WINDOWS;C:\WINDOWS\System32\Wbem;C:\WINDOWS\System32\WindowsPowerShell\v1.0\;C:\Program Files\Java\jdk1.8.0_112\bin;C:\Users\beku\Anaconda3;C:\Users\beku\Anaconda3\Scripts;C:\Users\beku\Anaconda3\libs\python37;C:\Program Files\Microsoft VS Code\bin;C:\Users\beku\Anaconda3;C:\Users\beku\Anaconda3\Library\mingw-w64\bin;C:\Users\beku\Anaconda3\Library\usr\bin;C:\Users\beku\Anaconda3\Library\bin;C:\Users\beku\Anaconda3\Scripts;C:\Program Files\Microsoft VS Code\bin;C:\Program Files\JetBrains\IntelliJ IDEA Community Edition 2018.3\bin;
USERNAME=beku
OS=Windows_NT
PROCESSOR_IDENTIFIER=Intel64 Family 6 Model 58 Stepping 9, GenuineIntel



---------------  S Y S T E M  ---------------

OS: Windows 10.0 , 64 bit Build 10586 (10.0.10586.589)

CPU:total 4 (4 cores per cpu, 1 threads per core) family 6 model 58 stepping 9, cmov, cx8, fxsr, mmx, sse, sse2, sse3, ssse3, sse4.1, sse4.2, popcnt, avx, aes, clmul, erms, tsc, tscinvbit, tscinv

Memory: 4k page, physical 16718800k(3111752k free), swap 16718800k(301840k free)

vm_info: Java HotSpot(TM) 64-Bit Server VM (25.112-b15) for windows-amd64 JRE (1.8.0_112-b15), built on Sep 22 2016 21:31:56 by "java_re" with MS VC++ 10.0 (VS2010)

time: Wed Jan 09 18:08:04 2019
elapsed time: 0 seconds (0d 0h 0m 0s)

